{"/Users/debs/Documents/pasta_patas_api/src/index.ts": {"path":"/Users/debs/Documents/pasta_patas_api/src/index.ts","statementMap":{"0":{"start":{"line":1,"column":0},"end":{"line":1,"column":30}},"1":{"start":{"line":2,"column":0},"end":{"line":2,"column":28}},"2":{"start":{"line":3,"column":0},"end":{"line":3,"column":46}},"3":{"start":{"line":4,"column":0},"end":{"line":4,"column":45}},"4":{"start":{"line":5,"column":0},"end":{"line":5,"column":45}},"5":{"start":{"line":6,"column":0},"end":{"line":6,"column":43}},"6":{"start":{"line":8,"column":0},"end":{"line":8,"column":16}},"7":{"start":{"line":10,"column":13},"end":{"line":10,"column":29}},"8":{"start":{"line":11,"column":15},"end":{"line":11,"column":33}},"9":{"start":{"line":12,"column":13},"end":{"line":12,"column":37}},"10":{"start":{"line":14,"column":0},"end":{"line":14,"column":24}},"11":{"start":{"line":17,"column":0},"end":{"line":17,"column":34}},"12":{"start":{"line":18,"column":0},"end":{"line":18,"column":33}},"13":{"start":{"line":19,"column":0},"end":{"line":19,"column":32}},"14":{"start":{"line":22,"column":0},"end":{"line":24,"column":3}},"15":{"start":{"line":23,"column":2},"end":{"line":23,"column":29}},"16":{"start":{"line":27,"column":0},"end":{"line":31,"column":1}},"17":{"start":{"line":28,"column":2},"end":{"line":30,"column":5}},"18":{"start":{"line":29,"column":4},"end":{"line":29,"column":53}},"19":{"start":{"line":34,"column":0},"end":{"line":37,"column":3}},"20":{"start":{"line":35,"column":2},"end":{"line":35,"column":29}},"21":{"start":{"line":36,"column":2},"end":{"line":36,"column":17}}},"fnMap":{"0":{"name":"(anonymous_1)","decl":{"start":{"line":22,"column":19},"end":{"line":22,"column":20}},"loc":{"start":{"line":22,"column":32},"end":{"line":24,"column":1}}},"1":{"name":"(anonymous_2)","decl":{"start":{"line":28,"column":19},"end":{"line":28,"column":22}},"loc":{"start":{"line":28,"column":24},"end":{"line":30,"column":3}}},"2":{"name":"(anonymous_3)","decl":{"start":{"line":34,"column":21},"end":{"line":34,"column":26}},"loc":{"start":{"line":34,"column":32},"end":{"line":37,"column":1}}}},"branchMap":{"0":{"loc":{"start":{"line":12,"column":13},"end":{"line":12,"column":37}},"type":"binary-expr","locations":[{"start":{"line":12,"column":13},"end":{"line":12,"column":29}},{"start":{"line":12,"column":33},"end":{"line":12,"column":37}}]},"1":{"loc":{"start":{"line":27,"column":0},"end":{"line":31,"column":1}},"type":"if","locations":[{"start":{"line":27,"column":0},"end":{"line":31,"column":1}}]}},"s":{"0":3,"1":3,"2":3,"3":3,"4":3,"5":3,"6":3,"7":3,"8":3,"9":3,"10":3,"11":3,"12":3,"13":3,"14":3,"15":0,"16":3,"17":0,"18":0,"19":3,"20":0,"21":0},"f":{"0":0,"1":0,"2":0},"b":{"0":[3,0],"1":[0]}}
,"/Users/debs/Documents/pasta_patas_api/src/controllers/authController.ts": {"path":"/Users/debs/Documents/pasta_patas_api/src/controllers/authController.ts","statementMap":{"0":{"start":{"line":2,"column":0},"end":{"line":2,"column":46}},"1":{"start":{"line":3,"column":0},"end":{"line":3,"column":30}},"2":{"start":{"line":4,"column":0},"end":{"line":4,"column":31}},"3":{"start":{"line":6,"column":15},"end":{"line":6,"column":33}},"4":{"start":{"line":8,"column":21},"end":{"line":45,"column":1}},"5":{"start":{"line":9,"column":2},"end":{"line":44,"column":3}},"6":{"start":{"line":10,"column":32},"end":{"line":10,"column":40}},"7":{"start":{"line":13,"column":17},"end":{"line":15,"column":6}},"8":{"start":{"line":17,"column":4},"end":{"line":19,"column":5}},"9":{"start":{"line":18,"column":6},"end":{"line":18,"column":70}},"10":{"start":{"line":22,"column":26},"end":{"line":22,"column":71}},"11":{"start":{"line":24,"column":4},"end":{"line":26,"column":5}},"12":{"start":{"line":25,"column":6},"end":{"line":25,"column":70}},"13":{"start":{"line":29,"column":18},"end":{"line":32,"column":null}},"14":{"start":{"line":36,"column":52},"end":{"line":36,"column":56}},"15":{"start":{"line":36,"column":47},"end":{"line":36,"column":52}},"16":{"start":{"line":38,"column":4},"end":{"line":41,"column":7}},"17":{"start":{"line":43,"column":4},"end":{"line":43,"column":60}},"18":{"start":{"line":8,"column":13},"end":{"line":8,"column":21}}},"fnMap":{"0":{"name":"(anonymous_2)","decl":{"start":{"line":8,"column":21},"end":{"line":8,"column":26}},"loc":{"start":{"line":8,"column":59},"end":{"line":45,"column":1}}}},"branchMap":{"0":{"loc":{"start":{"line":17,"column":4},"end":{"line":19,"column":5}},"type":"if","locations":[{"start":{"line":17,"column":4},"end":{"line":19,"column":5}}]},"1":{"loc":{"start":{"line":24,"column":4},"end":{"line":26,"column":5}},"type":"if","locations":[{"start":{"line":24,"column":4},"end":{"line":26,"column":5}}]},"2":{"loc":{"start":{"line":31,"column":6},"end":{"line":31,"column":34}},"type":"binary-expr","locations":[{"start":{"line":31,"column":6},"end":{"line":31,"column":28}},{"start":{"line":31,"column":32},"end":{"line":31,"column":34}}]}},"s":{"0":3,"1":3,"2":3,"3":3,"4":3,"5":2,"6":2,"7":2,"8":2,"9":2,"10":0,"11":0,"12":0,"13":0,"14":0,"15":0,"16":0,"17":0,"18":3},"f":{"0":2},"b":{"0":[2],"1":[0],"2":[0,0]}}
,"/Users/debs/Documents/pasta_patas_api/src/controllers/userController.ts": {"path":"/Users/debs/Documents/pasta_patas_api/src/controllers/userController.ts","statementMap":{"0":{"start":{"line":2,"column":0},"end":{"line":2,"column":46}},"1":{"start":{"line":3,"column":0},"end":{"line":3,"column":30}},"2":{"start":{"line":5,"column":15},"end":{"line":5,"column":33}},"3":{"start":{"line":7,"column":26},"end":{"line":38,"column":1}},"4":{"start":{"line":8,"column":2},"end":{"line":37,"column":3}},"5":{"start":{"line":9,"column":42},"end":{"line":9,"column":50}},"6":{"start":{"line":12,"column":25},"end":{"line":14,"column":6}},"7":{"start":{"line":16,"column":4},"end":{"line":18,"column":5}},"8":{"start":{"line":17,"column":6},"end":{"line":17,"column":70}},"9":{"start":{"line":21,"column":27},"end":{"line":21,"column":58}},"10":{"start":{"line":24,"column":17},"end":{"line":30,"column":6}},"11":{"start":{"line":33,"column":52},"end":{"line":33,"column":56}},"12":{"start":{"line":33,"column":47},"end":{"line":33,"column":52}},"13":{"start":{"line":34,"column":4},"end":{"line":34,"column":46}},"14":{"start":{"line":36,"column":4},"end":{"line":36,"column":61}},"15":{"start":{"line":7,"column":13},"end":{"line":7,"column":26}},"16":{"start":{"line":40,"column":24},"end":{"line":54,"column":1}},"17":{"start":{"line":41,"column":2},"end":{"line":53,"column":3}},"18":{"start":{"line":42,"column":18},"end":{"line":49,"column":6}},"19":{"start":{"line":50,"column":4},"end":{"line":50,"column":20}},"20":{"start":{"line":52,"column":4},"end":{"line":52,"column":62}},"21":{"start":{"line":40,"column":13},"end":{"line":40,"column":24}},"22":{"start":{"line":56,"column":27},"end":{"line":77,"column":1}},"23":{"start":{"line":57,"column":2},"end":{"line":76,"column":3}},"24":{"start":{"line":58,"column":19},"end":{"line":58,"column":29}},"25":{"start":{"line":59,"column":17},"end":{"line":67,"column":6}},"26":{"start":{"line":69,"column":4},"end":{"line":71,"column":5}},"27":{"start":{"line":70,"column":6},"end":{"line":70,"column":65}},"28":{"start":{"line":73,"column":4},"end":{"line":73,"column":19}},"29":{"start":{"line":75,"column":4},"end":{"line":75,"column":61}},"30":{"start":{"line":56,"column":13},"end":{"line":56,"column":27}},"31":{"start":{"line":79,"column":26},"end":{"line":102,"column":1}},"32":{"start":{"line":80,"column":2},"end":{"line":101,"column":3}},"33":{"start":{"line":81,"column":19},"end":{"line":81,"column":29}},"34":{"start":{"line":82,"column":32},"end":{"line":82,"column":40}},"35":{"start":{"line":84,"column":17},"end":{"line":96,"column":6}},"36":{"start":{"line":98,"column":4},"end":{"line":98,"column":19}},"37":{"start":{"line":100,"column":4},"end":{"line":100,"column":61}},"38":{"start":{"line":79,"column":13},"end":{"line":79,"column":26}},"39":{"start":{"line":104,"column":26},"end":{"line":114,"column":1}},"40":{"start":{"line":105,"column":2},"end":{"line":113,"column":3}},"41":{"start":{"line":106,"column":19},"end":{"line":106,"column":29}},"42":{"start":{"line":107,"column":4},"end":{"line":109,"column":7}},"43":{"start":{"line":110,"column":4},"end":{"line":110,"column":27}},"44":{"start":{"line":112,"column":4},"end":{"line":112,"column":61}},"45":{"start":{"line":104,"column":13},"end":{"line":104,"column":26}}},"fnMap":{"0":{"name":"(anonymous_2)","decl":{"start":{"line":7,"column":26},"end":{"line":7,"column":31}},"loc":{"start":{"line":7,"column":64},"end":{"line":38,"column":1}}},"1":{"name":"(anonymous_3)","decl":{"start":{"line":40,"column":24},"end":{"line":40,"column":29}},"loc":{"start":{"line":40,"column":62},"end":{"line":54,"column":1}}},"2":{"name":"(anonymous_4)","decl":{"start":{"line":56,"column":27},"end":{"line":56,"column":32}},"loc":{"start":{"line":56,"column":65},"end":{"line":77,"column":1}}},"3":{"name":"(anonymous_5)","decl":{"start":{"line":79,"column":26},"end":{"line":79,"column":31}},"loc":{"start":{"line":79,"column":64},"end":{"line":102,"column":1}}},"4":{"name":"(anonymous_6)","decl":{"start":{"line":104,"column":26},"end":{"line":104,"column":31}},"loc":{"start":{"line":104,"column":64},"end":{"line":114,"column":1}}}},"branchMap":{"0":{"loc":{"start":{"line":16,"column":4},"end":{"line":18,"column":5}},"type":"if","locations":[{"start":{"line":16,"column":4},"end":{"line":18,"column":5}}]},"1":{"loc":{"start":{"line":69,"column":4},"end":{"line":71,"column":5}},"type":"if","locations":[{"start":{"line":69,"column":4},"end":{"line":71,"column":5}}]}},"s":{"0":3,"1":3,"2":3,"3":3,"4":2,"5":2,"6":2,"7":2,"8":1,"9":1,"10":1,"11":1,"12":1,"13":1,"14":0,"15":3,"16":3,"17":0,"18":0,"19":0,"20":0,"21":3,"22":3,"23":0,"24":0,"25":0,"26":0,"27":0,"28":0,"29":0,"30":3,"31":3,"32":0,"33":0,"34":0,"35":0,"36":0,"37":0,"38":3,"39":3,"40":0,"41":0,"42":0,"43":0,"44":0,"45":3},"f":{"0":2,"1":0,"2":0,"3":0,"4":0},"b":{"0":[1],"1":[0]}}
,"/Users/debs/Documents/pasta_patas_api/src/middleware/auth.ts": {"path":"/Users/debs/Documents/pasta_patas_api/src/middleware/auth.ts","statementMap":{"0":{"start":{"line":2,"column":0},"end":{"line":2,"column":31}},"1":{"start":{"line":8,"column":33},"end":{"line":27,"column":1}},"2":{"start":{"line":13,"column":21},"end":{"line":13,"column":49}},"3":{"start":{"line":14,"column":16},"end":{"line":14,"column":54}},"4":{"start":{"line":16,"column":2},"end":{"line":18,"column":3}},"5":{"start":{"line":17,"column":4},"end":{"line":17,"column":78}},"6":{"start":{"line":20,"column":2},"end":{"line":26,"column":3}},"7":{"start":{"line":21,"column":17},"end":{"line":21,"column":64}},"8":{"start":{"line":22,"column":4},"end":{"line":22,"column":20}},"9":{"start":{"line":23,"column":4},"end":{"line":23,"column":11}},"10":{"start":{"line":25,"column":4},"end":{"line":25,"column":62}},"11":{"start":{"line":8,"column":13},"end":{"line":8,"column":33}}},"fnMap":{"0":{"name":"(anonymous_1)","decl":{"start":{"line":8,"column":33},"end":{"line":8,"column":null}},"loc":{"start":{"line":12,"column":4},"end":{"line":27,"column":1}}}},"branchMap":{"0":{"loc":{"start":{"line":14,"column":16},"end":{"line":14,"column":54}},"type":"binary-expr","locations":[{"start":{"line":14,"column":16},"end":{"line":14,"column":26}},{"start":{"line":14,"column":30},"end":{"line":14,"column":54}}]},"1":{"loc":{"start":{"line":16,"column":2},"end":{"line":18,"column":3}},"type":"if","locations":[{"start":{"line":16,"column":2},"end":{"line":18,"column":3}}]},"2":{"loc":{"start":{"line":21,"column":35},"end":{"line":21,"column":63}},"type":"binary-expr","locations":[{"start":{"line":21,"column":35},"end":{"line":21,"column":57}},{"start":{"line":21,"column":61},"end":{"line":21,"column":63}}]}},"s":{"0":3,"1":3,"2":11,"3":11,"4":11,"5":2,"6":9,"7":9,"8":8,"9":8,"10":1,"11":3},"f":{"0":11},"b":{"0":[11,9],"1":[2],"2":[9,0]}}
,"/Users/debs/Documents/pasta_patas_api/src/routes/authRoutes.ts": {"path":"/Users/debs/Documents/pasta_patas_api/src/routes/authRoutes.ts","statementMap":{"0":{"start":{"line":1,"column":0},"end":{"line":1,"column":33}},"1":{"start":{"line":2,"column":0},"end":{"line":2,"column":54}},"2":{"start":{"line":4,"column":15},"end":{"line":4,"column":23}},"3":{"start":{"line":6,"column":0},"end":{"line":6,"column":29}},"4":{"start":{"line":8,"column":0},"end":{"line":8,"column":22}}},"fnMap":{},"branchMap":{},"s":{"0":3,"1":3,"2":3,"3":3,"4":3},"f":{},"b":{}}
,"/Users/debs/Documents/pasta_patas_api/src/routes/petRoutes.ts": {"path":"/Users/debs/Documents/pasta_patas_api/src/routes/petRoutes.ts","statementMap":{"0":{"start":{"line":1,"column":0},"end":{"line":1,"column":42}},"1":{"start":{"line":2,"column":0},"end":{"line":2,"column":55}},"2":{"start":{"line":3,"column":0},"end":{"line":3,"column":55}},"3":{"start":{"line":11,"column":15},"end":{"line":11,"column":23}},"4":{"start":{"line":12,"column":15},"end":{"line":12,"column":33}},"5":{"start":{"line":15,"column":0},"end":{"line":39,"column":3}},"6":{"start":{"line":16,"column":2},"end":{"line":38,"column":3}},"7":{"start":{"line":17,"column":47},"end":{"line":17,"column":55}},"8":{"start":{"line":18,"column":19},"end":{"line":18,"column":35}},"9":{"start":{"line":20,"column":4},"end":{"line":22,"column":5}},"10":{"start":{"line":21,"column":6},"end":{"line":21,"column":71}},"11":{"start":{"line":24,"column":16},"end":{"line":33,"column":6}},"12":{"start":{"line":35,"column":4},"end":{"line":35,"column":30}},"13":{"start":{"line":37,"column":4},"end":{"line":37,"column":60}},"14":{"start":{"line":42,"column":0},"end":{"line":62,"column":3}},"15":{"start":{"line":43,"column":2},"end":{"line":61,"column":3}},"16":{"start":{"line":44,"column":19},"end":{"line":44,"column":35}},"17":{"start":{"line":45,"column":21},"end":{"line":45,"column":30}},"18":{"start":{"line":47,"column":4},"end":{"line":49,"column":5}},"19":{"start":{"line":48,"column":6},"end":{"line":48,"column":71}},"20":{"start":{"line":51,"column":17},"end":{"line":56,"column":6}},"21":{"start":{"line":58,"column":4},"end":{"line":58,"column":19}},"22":{"start":{"line":60,"column":4},"end":{"line":60,"column":60}},"23":{"start":{"line":65,"column":0},"end":{"line":93,"column":2}},"24":{"start":{"line":69,"column":4},"end":{"line":91,"column":5}},"25":{"start":{"line":70,"column":21},"end":{"line":70,"column":31}},"26":{"start":{"line":71,"column":21},"end":{"line":71,"column":37}},"27":{"start":{"line":73,"column":6},"end":{"line":75,"column":7}},"28":{"start":{"line":74,"column":8},"end":{"line":74,"column":73}},"29":{"start":{"line":77,"column":18},"end":{"line":82,"column":8}},"30":{"start":{"line":84,"column":6},"end":{"line":86,"column":7}},"31":{"start":{"line":85,"column":8},"end":{"line":85,"column":64}},"32":{"start":{"line":88,"column":6},"end":{"line":88,"column":20}},"33":{"start":{"line":90,"column":6},"end":{"line":90,"column":61}},"34":{"start":{"line":96,"column":0},"end":{"line":137,"column":2}},"35":{"start":{"line":100,"column":4},"end":{"line":135,"column":5}},"36":{"start":{"line":101,"column":21},"end":{"line":101,"column":31}},"37":{"start":{"line":102,"column":21},"end":{"line":102,"column":37}},"38":{"start":{"line":103,"column":49},"end":{"line":103,"column":57}},"39":{"start":{"line":105,"column":6},"end":{"line":107,"column":7}},"40":{"start":{"line":106,"column":8},"end":{"line":106,"column":73}},"41":{"start":{"line":110,"column":26},"end":{"line":115,"column":8}},"42":{"start":{"line":117,"column":6},"end":{"line":119,"column":7}},"43":{"start":{"line":118,"column":8},"end":{"line":118,"column":64}},"44":{"start":{"line":121,"column":25},"end":{"line":130,"column":8}},"45":{"start":{"line":132,"column":6},"end":{"line":132,"column":27}},"46":{"start":{"line":134,"column":6},"end":{"line":134,"column":62}},"47":{"start":{"line":140,"column":0},"end":{"line":173,"column":2}},"48":{"start":{"line":144,"column":4},"end":{"line":171,"column":5}},"49":{"start":{"line":145,"column":21},"end":{"line":145,"column":31}},"50":{"start":{"line":146,"column":21},"end":{"line":146,"column":37}},"51":{"start":{"line":148,"column":6},"end":{"line":150,"column":7}},"52":{"start":{"line":149,"column":8},"end":{"line":149,"column":73}},"53":{"start":{"line":153,"column":26},"end":{"line":158,"column":8}},"54":{"start":{"line":160,"column":6},"end":{"line":162,"column":7}},"55":{"start":{"line":161,"column":8},"end":{"line":161,"column":64}},"56":{"start":{"line":164,"column":6},"end":{"line":166,"column":9}},"57":{"start":{"line":168,"column":6},"end":{"line":168,"column":29}},"58":{"start":{"line":170,"column":6},"end":{"line":170,"column":62}},"59":{"start":{"line":175,"column":0},"end":{"line":175,"column":22}}},"fnMap":{"0":{"name":"(anonymous_0)","decl":{"start":{"line":15,"column":36},"end":{"line":15,"column":41}},"loc":{"start":{"line":15,"column":77},"end":{"line":39,"column":1}}},"1":{"name":"(anonymous_1)","decl":{"start":{"line":42,"column":35},"end":{"line":42,"column":40}},"loc":{"start":{"line":42,"column":76},"end":{"line":62,"column":1}}},"2":{"name":"(anonymous_2)","decl":{"start":{"line":68,"column":2},"end":{"line":68,"column":7}},"loc":{"start":{"line":68,"column":43},"end":{"line":92,"column":3}}},"3":{"name":"(anonymous_3)","decl":{"start":{"line":99,"column":2},"end":{"line":99,"column":7}},"loc":{"start":{"line":99,"column":43},"end":{"line":136,"column":3}}},"4":{"name":"(anonymous_4)","decl":{"start":{"line":143,"column":2},"end":{"line":143,"column":7}},"loc":{"start":{"line":143,"column":43},"end":{"line":172,"column":3}}}},"branchMap":{"0":{"loc":{"start":{"line":18,"column":19},"end":{"line":18,"column":35}},"type":"cond-expr","locations":[{"start":{"line":18,"column":27},"end":{"line":18,"column":29}},{"start":{"line":18,"column":27},"end":{"line":18,"column":35}}]},"1":{"loc":{"start":{"line":18,"column":19},"end":{"line":18,"column":29}},"type":"binary-expr","locations":[{"start":{"line":18,"column":19},"end":{"line":18,"column":29}},{"start":{"line":18,"column":27},"end":{"line":18,"column":29}}]},"2":{"loc":{"start":{"line":20,"column":4},"end":{"line":22,"column":5}},"type":"if","locations":[{"start":{"line":20,"column":4},"end":{"line":22,"column":5}}]},"3":{"loc":{"start":{"line":44,"column":19},"end":{"line":44,"column":35}},"type":"cond-expr","locations":[{"start":{"line":44,"column":27},"end":{"line":44,"column":29}},{"start":{"line":44,"column":27},"end":{"line":44,"column":35}}]},"4":{"loc":{"start":{"line":44,"column":19},"end":{"line":44,"column":29}},"type":"binary-expr","locations":[{"start":{"line":44,"column":19},"end":{"line":44,"column":29}},{"start":{"line":44,"column":27},"end":{"line":44,"column":29}}]},"5":{"loc":{"start":{"line":47,"column":4},"end":{"line":49,"column":5}},"type":"if","locations":[{"start":{"line":47,"column":4},"end":{"line":49,"column":5}}]},"6":{"loc":{"start":{"line":54,"column":12},"end":{"line":54,"column":49}},"type":"cond-expr","locations":[{"start":{"line":54,"column":19},"end":{"line":54,"column":44}},{"start":{"line":54,"column":47},"end":{"line":54,"column":49}}]},"7":{"loc":{"start":{"line":71,"column":21},"end":{"line":71,"column":37}},"type":"cond-expr","locations":[{"start":{"line":71,"column":29},"end":{"line":71,"column":31}},{"start":{"line":71,"column":29},"end":{"line":71,"column":37}}]},"8":{"loc":{"start":{"line":71,"column":21},"end":{"line":71,"column":31}},"type":"binary-expr","locations":[{"start":{"line":71,"column":21},"end":{"line":71,"column":31}},{"start":{"line":71,"column":29},"end":{"line":71,"column":31}}]},"9":{"loc":{"start":{"line":73,"column":6},"end":{"line":75,"column":7}},"type":"if","locations":[{"start":{"line":73,"column":6},"end":{"line":75,"column":7}}]},"10":{"loc":{"start":{"line":84,"column":6},"end":{"line":86,"column":7}},"type":"if","locations":[{"start":{"line":84,"column":6},"end":{"line":86,"column":7}}]},"11":{"loc":{"start":{"line":102,"column":21},"end":{"line":102,"column":37}},"type":"cond-expr","locations":[{"start":{"line":102,"column":29},"end":{"line":102,"column":31}},{"start":{"line":102,"column":29},"end":{"line":102,"column":37}}]},"12":{"loc":{"start":{"line":102,"column":21},"end":{"line":102,"column":31}},"type":"binary-expr","locations":[{"start":{"line":102,"column":21},"end":{"line":102,"column":31}},{"start":{"line":102,"column":29},"end":{"line":102,"column":31}}]},"13":{"loc":{"start":{"line":105,"column":6},"end":{"line":107,"column":7}},"type":"if","locations":[{"start":{"line":105,"column":6},"end":{"line":107,"column":7}}]},"14":{"loc":{"start":{"line":117,"column":6},"end":{"line":119,"column":7}},"type":"if","locations":[{"start":{"line":117,"column":6},"end":{"line":119,"column":7}}]},"15":{"loc":{"start":{"line":125,"column":15},"end":{"line":125,"column":46}},"type":"cond-expr","locations":[{"start":{"line":125,"column":21},"end":{"line":125,"column":34}},{"start":{"line":125,"column":37},"end":{"line":125,"column":46}}]},"16":{"loc":{"start":{"line":146,"column":21},"end":{"line":146,"column":37}},"type":"cond-expr","locations":[{"start":{"line":146,"column":29},"end":{"line":146,"column":31}},{"start":{"line":146,"column":29},"end":{"line":146,"column":37}}]},"17":{"loc":{"start":{"line":146,"column":21},"end":{"line":146,"column":31}},"type":"binary-expr","locations":[{"start":{"line":146,"column":21},"end":{"line":146,"column":31}},{"start":{"line":146,"column":29},"end":{"line":146,"column":31}}]},"18":{"loc":{"start":{"line":148,"column":6},"end":{"line":150,"column":7}},"type":"if","locations":[{"start":{"line":148,"column":6},"end":{"line":150,"column":7}}]},"19":{"loc":{"start":{"line":160,"column":6},"end":{"line":162,"column":7}},"type":"if","locations":[{"start":{"line":160,"column":6},"end":{"line":162,"column":7}}]}},"s":{"0":3,"1":3,"2":3,"3":3,"4":3,"5":3,"6":2,"7":2,"8":2,"9":2,"10":0,"11":2,"12":1,"13":1,"14":3,"15":1,"16":1,"17":1,"18":1,"19":0,"20":1,"21":1,"22":0,"23":3,"24":1,"25":1,"26":1,"27":1,"28":0,"29":1,"30":1,"31":1,"32":0,"33":0,"34":3,"35":2,"36":2,"37":2,"38":2,"39":2,"40":0,"41":2,"42":2,"43":1,"44":1,"45":1,"46":0,"47":3,"48":2,"49":2,"50":2,"51":2,"52":0,"53":2,"54":2,"55":1,"56":1,"57":1,"58":0,"59":3},"f":{"0":2,"1":1,"2":1,"3":2,"4":2},"b":{"0":[0,2],"1":[2,2],"2":[0],"3":[0,1],"4":[1,1],"5":[0],"6":[0,1],"7":[0,1],"8":[1,1],"9":[0],"10":[1],"11":[0,2],"12":[2,2],"13":[0],"14":[1],"15":[0,1],"16":[0,2],"17":[2,2],"18":[0],"19":[1]}}
,"/Users/debs/Documents/pasta_patas_api/src/routes/userRoutes.ts": {"path":"/Users/debs/Documents/pasta_patas_api/src/routes/userRoutes.ts","statementMap":{"0":{"start":{"line":1,"column":0},"end":{"line":1,"column":33}},"1":{"start":{"line":2,"column":0},"end":{"line":2,"column":55}},"2":{"start":{"line":3,"column":0},"end":{"line":3,"column":null}},"3":{"start":{"line":11,"column":15},"end":{"line":11,"column":23}},"4":{"start":{"line":13,"column":0},"end":{"line":13,"column":29}},"5":{"start":{"line":16,"column":0},"end":{"line":16,"column":30}},"6":{"start":{"line":18,"column":0},"end":{"line":18,"column":26}},"7":{"start":{"line":19,"column":0},"end":{"line":19,"column":32}},"8":{"start":{"line":20,"column":0},"end":{"line":20,"column":31}},"9":{"start":{"line":21,"column":0},"end":{"line":21,"column":34}},"10":{"start":{"line":23,"column":0},"end":{"line":23,"column":22}}},"fnMap":{},"branchMap":{},"s":{"0":3,"1":3,"2":3,"3":3,"4":3,"5":3,"6":3,"7":3,"8":3,"9":3,"10":3},"f":{},"b":{}}
}
