TN:
SF:src/index.ts
FN:22,(anonymous_1)
FN:28,(anonymous_2)
FN:34,(anonymous_3)
FNF:3
FNH:0
FNDA:0,(anonymous_1)
FNDA:0,(anonymous_2)
FNDA:0,(anonymous_3)
DA:1,3
DA:2,3
DA:3,3
DA:4,3
DA:5,3
DA:6,3
DA:8,3
DA:10,3
DA:11,3
DA:12,3
DA:14,3
DA:17,3
DA:18,3
DA:19,3
DA:22,3
DA:23,0
DA:27,3
DA:28,0
DA:29,0
DA:34,3
DA:35,0
DA:36,0
LF:22
LH:17
BRDA:12,0,0,3
BRDA:12,0,1,0
BRDA:27,1,0,0
BRF:3
BRH:1
end_of_record
TN:
SF:src/controllers/authController.ts
FN:8,(anonymous_2)
FNF:1
FNH:1
FNDA:2,(anonymous_2)
DA:2,3
DA:3,3
DA:4,3
DA:6,3
DA:8,3
DA:9,2
DA:10,2
DA:13,2
DA:17,2
DA:18,2
DA:22,0
DA:24,0
DA:25,0
DA:29,0
DA:36,0
DA:38,0
DA:43,0
LF:17
LH:10
BRDA:17,0,0,2
BRDA:24,1,0,0
BRDA:31,2,0,0
BRDA:31,2,1,0
BRF:4
BRH:1
end_of_record
TN:
SF:src/controllers/userController.ts
FN:7,(anonymous_2)
FN:40,(anonymous_3)
FN:56,(anonymous_4)
FN:79,(anonymous_5)
FN:104,(anonymous_6)
FNF:5
FNH:1
FNDA:2,(anonymous_2)
FNDA:0,(anonymous_3)
FNDA:0,(anonymous_4)
FNDA:0,(anonymous_5)
FNDA:0,(anonymous_6)
DA:2,3
DA:3,3
DA:5,3
DA:7,3
DA:8,2
DA:9,2
DA:12,2
DA:16,2
DA:17,1
DA:21,1
DA:24,1
DA:33,1
DA:34,1
DA:36,0
DA:40,3
DA:41,0
DA:42,0
DA:50,0
DA:52,0
DA:56,3
DA:57,0
DA:58,0
DA:59,0
DA:69,0
DA:70,0
DA:73,0
DA:75,0
DA:79,3
DA:80,0
DA:81,0
DA:82,0
DA:84,0
DA:98,0
DA:100,0
DA:104,3
DA:105,0
DA:106,0
DA:107,0
DA:110,0
DA:112,0
LF:40
LH:17
BRDA:16,0,0,1
BRDA:69,1,0,0
BRF:2
BRH:1
end_of_record
TN:
SF:src/middleware/auth.ts
FN:8,(anonymous_1)
FNF:1
FNH:1
FNDA:11,(anonymous_1)
DA:2,3
DA:8,3
DA:13,11
DA:14,11
DA:16,11
DA:17,2
DA:20,9
DA:21,9
DA:22,8
DA:23,8
DA:25,1
LF:11
LH:11
BRDA:14,0,0,11
BRDA:14,0,1,9
BRDA:16,1,0,2
BRDA:21,2,0,9
BRDA:21,2,1,0
BRF:5
BRH:4
end_of_record
TN:
SF:src/routes/authRoutes.ts
FNF:0
FNH:0
DA:1,3
DA:2,3
DA:4,3
DA:6,3
DA:8,3
LF:5
LH:5
BRF:0
BRH:0
end_of_record
TN:
SF:src/routes/petRoutes.ts
FN:15,(anonymous_0)
FN:42,(anonymous_1)
FN:68,(anonymous_2)
FN:99,(anonymous_3)
FN:143,(anonymous_4)
FNF:5
FNH:5
FNDA:2,(anonymous_0)
FNDA:1,(anonymous_1)
FNDA:1,(anonymous_2)
FNDA:2,(anonymous_3)
FNDA:2,(anonymous_4)
DA:1,3
DA:2,3
DA:3,3
DA:11,3
DA:12,3
DA:15,3
DA:16,2
DA:17,2
DA:18,2
DA:20,2
DA:21,0
DA:24,2
DA:35,1
DA:37,1
DA:42,3
DA:43,1
DA:44,1
DA:45,1
DA:47,1
DA:48,0
DA:51,1
DA:58,1
DA:60,0
DA:65,3
DA:69,1
DA:70,1
DA:71,1
DA:73,1
DA:74,0
DA:77,1
DA:84,1
DA:85,1
DA:88,0
DA:90,0
DA:96,3
DA:100,2
DA:101,2
DA:102,2
DA:103,2
DA:105,2
DA:106,0
DA:110,2
DA:117,2
DA:118,1
DA:121,1
DA:132,1
DA:134,0
DA:140,3
DA:144,2
DA:145,2
DA:146,2
DA:148,2
DA:149,0
DA:153,2
DA:160,2
DA:161,1
DA:164,1
DA:168,1
DA:170,0
DA:175,3
LF:60
LH:50
BRDA:18,0,0,0
BRDA:18,0,1,2
BRDA:18,1,0,2
BRDA:18,1,1,2
BRDA:20,2,0,0
BRDA:44,3,0,0
BRDA:44,3,1,1
BRDA:44,4,0,1
BRDA:44,4,1,1
BRDA:47,5,0,0
BRDA:54,6,0,0
BRDA:54,6,1,1
BRDA:71,7,0,0
BRDA:71,7,1,1
BRDA:71,8,0,1
BRDA:71,8,1,1
BRDA:73,9,0,0
BRDA:84,10,0,1
BRDA:102,11,0,0
BRDA:102,11,1,2
BRDA:102,12,0,2
BRDA:102,12,1,2
BRDA:105,13,0,0
BRDA:117,14,0,1
BRDA:125,15,0,0
BRDA:125,15,1,1
BRDA:146,16,0,0
BRDA:146,16,1,2
BRDA:146,17,0,2
BRDA:146,17,1,2
BRDA:148,18,0,0
BRDA:160,19,0,1
BRF:32
BRH:20
end_of_record
TN:
SF:src/routes/userRoutes.ts
FNF:0
FNH:0
DA:1,3
DA:2,3
DA:3,3
DA:11,3
DA:13,3
DA:16,3
DA:18,3
DA:19,3
DA:20,3
DA:21,3
DA:23,3
LF:11
LH:11
BRF:0
BRH:0
end_of_record
